<?xml version="1.0" encoding="UTF-8"?>
<testng-results skipped="0" failed="0" ignored="0" total="3" passed="3">
  <reporter-output>
  </reporter-output>
  <suite name="Girtthubb" duration-ms="54007" started-at="2021-07-13T22:08:42 IST" finished-at="2021-07-13T22:09:36 IST">
    <groups>
    </groups>
    <test name="Launch page" duration-ms="52679" started-at="2021-07-13T22:08:42 IST" finished-at="2021-07-13T22:09:34 IST">
      <class name="Test_Case.Launch_page_test">
        <test-method status="PASS" signature="GetLaunch_url()[pri:1, instance:Test_Case.Launch_page_test@5f0fd5a0]" name="GetLaunch_url" duration-ms="37412" started-at="2021-07-13T22:08:42 IST" finished-at="2021-07-13T22:09:19 IST">
          <reporter-output>
          </reporter-output>
        </test-method> <!-- GetLaunch_url -->
        <test-method status="PASS" signature="Enterdetails()[pri:2, instance:Test_Case.Launch_page_test@5f0fd5a0]" name="Enterdetails" duration-ms="15204" started-at="2021-07-13T22:09:19 IST" finished-at="2021-07-13T22:09:34 IST">
          <reporter-output>
          </reporter-output>
        </test-method> <!-- Enterdetails -->
      </class> <!-- Test_Case.Launch_page_test -->
    </test> <!-- Launch page -->
    <test name="Create Repository" duration-ms="839" started-at="2021-07-13T22:09:35 IST" finished-at="2021-07-13T22:09:36 IST">
      <class name="Test_Case.Create_repository_test">
        <test-method status="PASS" signature="repository()[pri:1, instance:Test_Case.Create_repository_test@5d43661b]" name="repository" duration-ms="836" started-at="2021-07-13T22:09:35 IST" finished-at="2021-07-13T22:09:36 IST">
          <reporter-output>
          </reporter-output>
        </test-method> <!-- repository -->
      </class> <!-- Test_Case.Create_repository_test -->
    </test> <!-- Create Repository -->
  </suite> <!-- Girtthubb -->
</testng-results>
