<?xml version="1.0" encoding="UTF-8"?>
<!-- Generated by org.testng.reporters.JUnitXMLReporter -->
<testsuite hostname="LAPTOP-VFCCS4RR" ignored="0" name="Launchurl" tests="3" failures="0" timestamp="2021-05-05T09:30:18 IST" time="25.457" errors="0">
  <testcase name="GetLunch_ToolsQA" time="18.665" classname="Test.Login_Page_ToolsQA_Test"/>
  <testcase name="Clickon_demosite" time="3.996" classname="Test.Login_Page_ToolsQA_Test"/>
  <testcase name="clickon_Element" time="2.714" classname="Test.Login_Page_ToolsQA_Test"/>
</testsuite> <!-- Launchurl -->
