<?xml version="1.0" encoding="UTF-8"?>
<!-- Generated by org.testng.reporters.JUnitXMLReporter -->
<testsuite hostname="LAPTOP-VFCCS4RR" ignored="0" name="Check Box" tests="3" failures="0" timestamp="2021-05-12T17:24:58 IST" time="0.916" errors="0">
  <testcase name="Click_on_Textbox" time="0.064" classname="Test.Text_Box_Test"/>
  <testcase name="fildata_textbox" time="0.777" classname="Test.Text_Box_Test"/>
  <testcase name="getdata_textbox" time="0.068" classname="Test.Text_Box_Test"/>
</testsuite> <!-- Check Box -->
